2016-10-28 23:04:10,600 INFO [com.cui.Utils.Util] - 一共删除了0个文件
2016-10-29 16:27:18,158 INFO [FileTool.class] - 读取文件成功
2016-10-29 16:27:18,158 INFO [FileTool.class] - 写入文件成功！文件名：e:\798.html
2016-10-29 16:37:41,994 INFO [FileTool.class] - 读取文件成功
2016-10-29 16:37:41,994 INFO [FileTool.class] - 写入文件成功！文件名：e:\798.html
2016-10-29 16:38:06,765 INFO [FileTool.class] - 读取文件成功
2016-10-29 16:38:06,797 INFO [FileTool.class] - 写入文件成功！文件名：e:\798.html
2016-10-29 22:54:00,299 INFO [downLoadImage.class] - 开始下载http://ultraimg.com/images/2016/10/22/xVbm.jpg
2016-10-29 22:54:04,926 INFO [downLoadImage.class] - 开始下载http://ultraimg.com/images/2016/10/22/xVbo.jpg
2016-10-29 22:54:07,501 INFO [downLoadImage.class] - 开始下载http://ultraimg.com/images/2016/10/22/xVb1.jpg
2016-10-29 22:54:09,234 INFO [downLoadImage.class] - 开始下载http://ultraimg.com/images/2016/10/22/xVbS.jpg
2016-10-29 22:54:12,901 INFO [downLoadImage.class] - 开始下载http://ultraimg.com/images/2016/10/22/xVbg.jpg
2016-10-29 22:54:15,592 INFO [downLoadImage.class] - 开始下载http://ultraimg.com/images/2016/10/22/xVbx.jpg
2016-10-29 22:54:19,057 INFO [downLoadImage.class] - 开始下载http://ultraimg.com/images/2016/10/22/xVbV.jpg
2016-10-29 22:54:22,661 INFO [downLoadImage.class] - 开始下载http://ultraimg.com/images/2016/10/22/xVbp.jpg
2016-10-29 22:54:27,417 INFO [downLoadImage.class] - 开始下载http://ultraimg.com/images/2016/10/22/xVb0.jpg
2016-10-29 22:54:33,404 INFO [downLoadImage.class] - 开始下载http://ultraimg.com/images/2016/10/22/xVbG.jpg
2016-10-29 22:54:35,436 INFO [downLoadImage.class] - 开始下载http://ultraimg.com/images/2016/10/22/xVbY.jpg
2016-10-29 22:54:39,253 INFO [downLoadImage.class] - 开始下载http://ultraimg.com/images/2016/10/22/xVbn.jpg
2016-10-29 23:20:21,747 INFO [FileTool.class] - 写入文件成功！文件名：e:\1.jpg
2016-10-30 22:34:27,254 INFO [FileTool.class] - 写入文件成功！文件名：e:\2.jpg
2016-10-30 22:36:15,988 INFO [FileTool.class] - 写入文件成功！文件名：e:\2.jpg
2016-10-30 22:42:05,057 INFO [com.cui.Utils.NetTool] - 文件存在，直接调用
2016-10-30 22:42:05,057 INFO [FileTool.class] - 读取文件成功
2016-10-30 22:46:53,572 INFO [com.cui.Utils.NetTool] - 文件存在，直接调用
2016-10-30 22:46:53,572 INFO [FileTool.class] - 读取文件成功
2016-10-30 22:47:10,515 ERROR [FileTool.class] - 待写入信息为空，请确认后再次写入
